[02:35:52] [ServerMain/INFO]: Environment: Environment[sessionHost=https://sessionserver.mojang.com, servicesHost=https://api.minecraftservices.com, name=PROD]
[02:35:53] [ServerMain/INFO]: No existing world data, creating new world
[02:35:54] [ServerMain/INFO]: Loaded 1290 recipes
[02:35:54] [ServerMain/INFO]: Loaded 1399 advancements
[02:35:54] [Server thread/INFO]: Starting minecraft server version 1.21.1
[02:35:54] [Server thread/INFO]: Loading properties
[02:35:54] [Server thread/INFO]: Default game type: SURVIVAL
[02:35:54] [Server thread/INFO]: Generating keypair
[02:35:54] [Server thread/INFO]: Starting Minecraft server on *:25565
[02:35:54] [Server thread/INFO]: Using epoll channel type
[02:35:55] [Server thread/WARN]: **** SERVER IS RUNNING IN OFFLINE/INSECURE MODE!
[02:35:55] [Server thread/WARN]: The server will make no attempt to authenticate usernames. Beware.
[02:35:55] [Server thread/WARN]: While this makes the game possible to play without internet access, it also opens up the ability for hackers to connect with any username they choose.
[02:35:55] [Server thread/WARN]: To change this, set "online-mode" to "true" in the server.properties file.
[02:35:55] [Server thread/INFO]: Preparing level "world"
[02:36:02] [Server thread/INFO]: Preparing start region for dimension minecraft:overworld
[02:36:02] [Worker-Main-1/INFO]: Preparing spawn area: 2%
[02:36:03] [Worker-Main-3/INFO]: Preparing spawn area: 2%
[02:36:03] [Worker-Main-3/INFO]: Preparing spawn area: 2%
[02:36:04] [Worker-Main-1/INFO]: Preparing spawn area: 2%
[02:36:04] [Worker-Main-3/INFO]: Preparing spawn area: 18%
[02:36:05] [Worker-Main-1/INFO]: Preparing spawn area: 18%
[02:36:05] [Worker-Main-1/INFO]: Preparing spawn area: 18%
[02:36:06] [Worker-Main-2/INFO]: Preparing spawn area: 51%
[02:36:06] [Worker-Main-2/INFO]: Preparing spawn area: 51%
[02:36:07] [Worker-Main-3/INFO]: Preparing spawn area: 51%
[02:36:07] [Worker-Main-1/INFO]: Preparing spawn area: 73%
[02:36:07] [Server thread/INFO]: Time elapsed: 5071 ms
[02:36:07] [Server thread/INFO]: Done (12.779s)! For help, type "help"
[02:37:02] [Server thread/INFO]: loivex[/127.3.41.251:42101] logged in with entity id 27 at (26.5, 64.0, 4.5)
[02:37:02] [Server thread/INFO]: loivex joined the game
[02:37:47] [Server thread/INFO]: MartinChelooo[/127.65.20.118:54765] logged in with entity id 628 at (24.5, 64.0, 1.5)
[02:37:47] [Server thread/INFO]: MartinChelooo joined the game
[02:38:08] [Server thread/INFO]: Made MartinChelooo a server operator
[02:38:14] [Server thread/INFO]: loivex was killed
[02:38:14] [Server thread/INFO]: [MartinChelooo: Killed loivex]
[02:41:17] [Server thread/WARN]: Mismatch in destroy block pos: jd{x=0, y=0, z=0} jd{x=20, y=67, z=5}
[02:41:18] [Server thread/WARN]: Mismatch in destroy block pos: jd{x=0, y=0, z=0} jd{x=20, y=68, z=5}
[02:41:22] [Server thread/INFO]: loivex lost connection: Disconnected
[02:41:22] [Server thread/INFO]: loivex left the game
[02:41:32] [Server thread/INFO]: loivex[/127.3.41.251:58083] logged in with entity id 1449 at (20.613907460648242, 69.0, 6.065234629531356)
[02:41:32] [Server thread/INFO]: loivex joined the game
[02:41:40] [Server thread/WARN]: Mismatch in destroy block pos: jd{x=0, y=0, z=0} jd{x=20, y=67, z=5}
[02:41:40] [Server thread/WARN]: Mismatch in destroy block pos: jd{x=0, y=0, z=0} jd{x=19, y=67, z=5}
[02:41:40] [Server thread/WARN]: Mismatch in destroy block pos: jd{x=0, y=0, z=0} jd{x=19, y=66, z=6}
[02:41:40] [Server thread/WARN]: Mismatch in destroy block pos: jd{x=0, y=0, z=0} jd{x=19, y=67, z=5}
[02:41:51] [Server thread/WARN]: Mismatch in destroy block pos: jd{x=0, y=0, z=0} jd{x=19, y=66, z=6}
[02:41:58] [Server thread/WARN]: Mismatch in destroy block pos: jd{x=0, y=0, z=0} jd{x=17, y=69, z=6}
[02:42:06] [Server thread/WARN]: Mismatch in destroy block pos: jd{x=0, y=0, z=0} jd{x=18, y=65, z=6}
[02:42:07] [Server thread/WARN]: Mismatch in destroy block pos: jd{x=0, y=0, z=0} jd{x=18, y=65, z=5}
[02:42:07] [Server thread/WARN]: Mismatch in destroy block pos: jd{x=0, y=0, z=0} jd{x=18, y=65, z=4}
[02:42:07] [Server thread/INFO]: [MartinChelooo: Made loivex a server operator]
[02:43:29] [Server thread/INFO]: loivex has made the advancement [Stone Age]
[02:43:35] [Server thread/INFO]: loivex has made the advancement [Getting an Upgrade]
[02:45:26] [Server thread/INFO]: MartinChelooo has made the advancement [Stone Age]
[02:45:28] [Server thread/INFO]: loivex has made the advancement [Monster Hunter]
